<?xml version="1.0" encoding="UTF-8"?>
<testng-results skipped="0" failed="1" ignored="0" total="1" passed="0">
  <reporter-output>
    <line>
      <![CDATA[Properties File Data Read Successful]]>
    </line>
    <line>
      <![CDATA[Properties File Data Read Successful]]>
    </line>
    <line>
      <![CDATA[Properties File Data Read Successful]]>
    </line>
    <line>
      <![CDATA[Properties File Data Read Successful]]>
    </line>
    <line>
      <![CDATA[Properties File Data Read Successful]]>
    </line>
    <line>
      <![CDATA[Properties File Data Read Successful]]>
    </line>
    <line>
      <![CDATA[Properties File Data Read Successful]]>
    </line>
    <line>
      <![CDATA[Properties File Data Read Successful]]>
    </line>
    <line>
      <![CDATA[Properties File Data Read Successful]]>
    </line>
    <line>
      <![CDATA[Data Read from Excel Successfull]]>
    </line>
    <line>
      <![CDATA[Properties File Data Read Successful]]>
    </line>
    <line>
      <![CDATA[Data Read from Excel Successfull]]>
    </line>
    <line>
      <![CDATA[Browser Closed]]>
    </line>
    <line>
      <![CDATA[Properties File Data Read Successful]]>
    </line>
    <line>
      <![CDATA[Properties File Data Read Successful]]>
    </line>
    <line>
      <![CDATA[Properties File Data Read Successful]]>
    </line>
    <line>
      <![CDATA[Properties File Data Read Successful]]>
    </line>
    <line>
      <![CDATA[Properties File Data Read Successful]]>
    </line>
    <line>
      <![CDATA[Properties File Data Read Successful]]>
    </line>
    <line>
      <![CDATA[Properties File Data Read Successful]]>
    </line>
    <line>
      <![CDATA[Properties File Data Read Successful]]>
    </line>
    <line>
      <![CDATA[Properties File Data Read Successful]]>
    </line>
    <line>
      <![CDATA[Properties File Data Read Successful]]>
    </line>
    <line>
      <![CDATA[Properties File Data Read Successful]]>
    </line>
    <line>
      <![CDATA[Properties File Data Read Successful]]>
    </line>
    <line>
      <![CDATA[Properties File Data Read Successful]]>
    </line>
  </reporter-output>
  <suite name="Default suite" duration-ms="49093" started-at="2018-05-16T14:55:03Z" finished-at="2018-05-16T14:55:52Z">
    <groups>
    </groups>
    <test name="Default test" duration-ms="49093" started-at="2018-05-16T14:55:03Z" finished-at="2018-05-16T14:55:52Z">
      <class name="com.dimagi.tests.DeliberateFail">
        <test-method status="PASS" signature="load_parameters()[pri:0, instance:com.dimagi.tests.DeliberateFail@6b53e23f]" name="load_parameters" is-config="true" duration-ms="132" started-at="2018-05-16T20:25:02Z" finished-at="2018-05-16T20:25:03Z">
          <reporter-output>
            <line>
              <![CDATA[Properties File Data Read Successful]]>
            </line>
            <line>
              <![CDATA[Properties File Data Read Successful]]>
            </line>
          </reporter-output>
        </test-method> <!-- load_parameters -->
        <test-method status="PASS" signature="initiateBrowser()[pri:0, instance:com.dimagi.tests.DeliberateFail@6b53e23f]" name="initiateBrowser" is-config="true" duration-ms="5071" started-at="2018-05-16T20:25:03Z" finished-at="2018-05-16T20:25:08Z">
          <reporter-output>
            <line>
              <![CDATA[Properties File Data Read Successful]]>
            </line>
            <line>
              <![CDATA[Properties File Data Read Successful]]>
            </line>
            <line>
              <![CDATA[Properties File Data Read Successful]]>
            </line>
            <line>
              <![CDATA[Properties File Data Read Successful]]>
            </line>
            <line>
              <![CDATA[Properties File Data Read Successful]]>
            </line>
            <line>
              <![CDATA[Properties File Data Read Successful]]>
            </line>
          </reporter-output>
        </test-method> <!-- initiateBrowser -->
        <test-method status="FAIL" signature="deliberateFail()[pri:0, instance:com.dimagi.tests.DeliberateFail@6b53e23f]" name="deliberateFail" duration-ms="34921" started-at="2018-05-16T20:25:08Z" finished-at="2018-05-16T20:25:43Z">
          <exception class="org.openqa.selenium.NoSuchElementException">
            <message>
              <![CDATA[no such element: Unable to locate element: {"method":"xpath","selector":"//h2[@class='dashboard-title']"}  (Session info: chrome=66.0.3359.139)  (Driver info: chromedriver=2.38.552522 (437e6fbedfa8762dec75e2c5b3ddb86763dc9dcb),platform=Windows NT 6.1.7601 SP1 x86_64) (WARNING: The server did not provide any stacktrace information)Command duration or timeout: 0 millisecondsFor documentation on this error, please visit: http://seleniumhq.org/exceptions/no_such_element.htmlBuild info: version: '3.9.1', revision: '63f7b50', time: '2018-02-07T22:42:22.379Z'System info: host: 'DSCHD-PC-123', ip: '192.168.6.158', os.name: 'Windows 7', os.arch: 'amd64', os.version: '6.1', java.version: '1.8.0_162'Driver info: org.openqa.selenium.chrome.ChromeDriverCapabilities {acceptInsecureCerts: false, acceptSslCerts: false, applicationCacheEnabled: false, browserConnectionEnabled: false, browserName: chrome, chrome: {chromedriverVersion: 2.38.552522 (437e6fbedfa876..., userDataDir: C:\Users\DEEKSH~1.SET\AppDa...}, cssSelectorsEnabled: true, databaseEnabled: false, handlesAlerts: true, hasTouchScreen: false, javascriptEnabled: true, locationContextEnabled: true, mobileEmulationEnabled: false, nativeEvents: true, networkConnectionEnabled: false, pageLoadStrategy: normal, platform: XP, platformName: XP, rotatable: false, setWindowRect: true, takesHeapSnapshot: true, takesScreenshot: true, unexpectedAlertBehaviour: , unhandledPromptBehavior: , version: 66.0.3359.139, webStorageEnabled: true}Session ID: 0d1d28f4fe6f1a640be5441d4776905e*** Element info: {Using=xpath, value=//h2[@class='dashboard-title']}]]>
            </message>
            <full-stacktrace>
              <![CDATA[org.openqa.selenium.NoSuchElementException: no such element: Unable to locate element: {"method":"xpath","selector":"//h2[@class='dashboard-title']"}  (Session info: chrome=66.0.3359.139)  (Driver info: chromedriver=2.38.552522 (437e6fbedfa8762dec75e2c5b3ddb86763dc9dcb),platform=Windows NT 6.1.7601 SP1 x86_64) (WARNING: The server did not provide any stacktrace information)Command duration or timeout: 0 millisecondsFor documentation on this error, please visit: http://seleniumhq.org/exceptions/no_such_element.htmlBuild info: version: '3.9.1', revision: '63f7b50', time: '2018-02-07T22:42:22.379Z'System info: host: 'DSCHD-PC-123', ip: '192.168.6.158', os.name: 'Windows 7', os.arch: 'amd64', os.version: '6.1', java.version: '1.8.0_162'Driver info: org.openqa.selenium.chrome.ChromeDriverCapabilities {acceptInsecureCerts: false, acceptSslCerts: false, applicationCacheEnabled: false, browserConnectionEnabled: false, browserName: chrome, chrome: {chromedriverVersion: 2.38.552522 (437e6fbedfa876..., userDataDir: C:\Users\DEEKSH~1.SET\AppDa...}, cssSelectorsEnabled: true, databaseEnabled: false, handlesAlerts: true, hasTouchScreen: false, javascriptEnabled: true, locationContextEnabled: true, mobileEmulationEnabled: false, nativeEvents: true, networkConnectionEnabled: false, pageLoadStrategy: normal, platform: XP, platformName: XP, rotatable: false, setWindowRect: true, takesHeapSnapshot: true, takesScreenshot: true, unexpectedAlertBehaviour: , unhandledPromptBehavior: , version: 66.0.3359.139, webStorageEnabled: true}Session ID: 0d1d28f4fe6f1a640be5441d4776905e*** Element info: {Using=xpath, value=//h2[@class='dashboard-title']}at sun.reflect.NativeConstructorAccessorImpl.newInstance0(Native Method)at sun.reflect.NativeConstructorAccessorImpl.newInstance(Unknown Source)at sun.reflect.DelegatingConstructorAccessorImpl.newInstance(Unknown Source)at java.lang.reflect.Constructor.newInstance(Unknown Source)at org.openqa.selenium.remote.ErrorHandler.createThrowable(ErrorHandler.java:214)at org.openqa.selenium.remote.ErrorHandler.throwIfResponseFailed(ErrorHandler.java:166)at org.openqa.selenium.remote.http.JsonHttpResponseCodec.reconstructValue(JsonHttpResponseCodec.java:40)at org.openqa.selenium.remote.http.AbstractHttpResponseCodec.decode(AbstractHttpResponseCodec.java:80)at org.openqa.selenium.remote.http.AbstractHttpResponseCodec.decode(AbstractHttpResponseCodec.java:44)at org.openqa.selenium.remote.HttpCommandExecutor.execute(HttpCommandExecutor.java:160)at org.openqa.selenium.remote.service.DriverCommandExecutor.execute(DriverCommandExecutor.java:83)at org.openqa.selenium.remote.RemoteWebDriver.execute(RemoteWebDriver.java:601)at org.openqa.selenium.remote.RemoteWebDriver.findElement(RemoteWebDriver.java:371)at org.openqa.selenium.remote.RemoteWebDriver.findElementByXPath(RemoteWebDriver.java:473)at org.openqa.selenium.By$ByXPath.findElement(By.java:361)at org.openqa.selenium.remote.RemoteWebDriver.findElement(RemoteWebDriver.java:363)at com.dimagi.utility.FunctionUtility.getText(FunctionUtility.java:465)at com.dimagi.applicationutility.AppUtility.login(AppUtility.java:29)at com.dimagi.tests.DeliberateFail.deliberateFail(DeliberateFail.java:55)at sun.reflect.NativeMethodAccessorImpl.invoke0(Native Method)at sun.reflect.NativeMethodAccessorImpl.invoke(Unknown Source)at sun.reflect.DelegatingMethodAccessorImpl.invoke(Unknown Source)at java.lang.reflect.Method.invoke(Unknown Source)at org.testng.internal.MethodInvocationHelper.invokeMethod(MethodInvocationHelper.java:124)at org.testng.internal.Invoker.invokeMethod(Invoker.java:571)at org.testng.internal.Invoker.invokeTestMethod(Invoker.java:707)at org.testng.internal.Invoker.invokeTestMethods(Invoker.java:979)at org.testng.internal.TestMethodWorker.invokeTestMethods(TestMethodWorker.java:125)at org.testng.internal.TestMethodWorker.run(TestMethodWorker.java:109)at org.testng.TestRunner.privateRun(TestRunner.java:648)at org.testng.TestRunner.run(TestRunner.java:505)at org.testng.SuiteRunner.runTest(SuiteRunner.java:455)at org.testng.SuiteRunner.runSequentially(SuiteRunner.java:450)at org.testng.SuiteRunner.privateRun(SuiteRunner.java:415)at org.testng.SuiteRunner.run(SuiteRunner.java:364)at org.testng.SuiteRunnerWorker.runSuite(SuiteRunnerWorker.java:52)at org.testng.SuiteRunnerWorker.run(SuiteRunnerWorker.java:84)at org.testng.TestNG.runSuitesSequentially(TestNG.java:1187)at org.testng.TestNG.runSuitesLocally(TestNG.java:1116)at org.testng.TestNG.runSuites(TestNG.java:1028)at org.testng.TestNG.run(TestNG.java:996)at org.testng.remote.AbstractRemoteTestNG.run(AbstractRemoteTestNG.java:114)at org.testng.remote.RemoteTestNG.initAndRun(RemoteTestNG.java:251)at org.testng.remote.RemoteTestNG.main(RemoteTestNG.java:77)]]>
            </full-stacktrace>
          </exception> <!-- org.openqa.selenium.NoSuchElementException -->
          <reporter-output>
            <line>
              <![CDATA[Properties File Data Read Successful]]>
            </line>
            <line>
              <![CDATA[Data Read from Excel Successfull]]>
            </line>
            <line>
              <![CDATA[Properties File Data Read Successful]]>
            </line>
            <line>
              <![CDATA[Data Read from Excel Successfull]]>
            </line>
          </reporter-output>
        </test-method> <!-- deliberateFail -->
        <test-method status="PASS" signature="getResult(org.testng.ITestResult)[pri:0, instance:com.dimagi.tests.DeliberateFail@6b53e23f]" name="getResult" is-config="true" duration-ms="8898" started-at="2018-05-16T20:25:43Z" finished-at="2018-05-16T20:25:52Z">
          <params>
            <param index="0">
              <value>
                <![CDATA[[TestResult name=deliberateFail status=FAILURE method=DeliberateFail.deliberateFail()[pri:0, instance:com.dimagi.tests.DeliberateFail@6b53e23f] output=Properties File Data Read Successful]]]>
              </value>
            </param>
          </params>
          <reporter-output>
            <line>
              <![CDATA[Browser Closed]]>
            </line>
          </reporter-output>
        </test-method> <!-- getResult -->
        <test-method status="PASS" signature="endReport()[pri:0, instance:com.dimagi.tests.DeliberateFail@6b53e23f]" name="endReport" is-config="true" duration-ms="188" started-at="2018-05-16T20:25:52Z" finished-at="2018-05-16T20:25:52Z">
          <reporter-output>
          </reporter-output>
        </test-method> <!-- endReport -->
        <test-method status="PASS" signature="afterTest()[pri:0, instance:com.dimagi.tests.DeliberateFail@6b53e23f]" name="afterTest" is-config="true" duration-ms="8527" started-at="2018-05-16T20:25:52Z" finished-at="2018-05-16T20:26:00Z">
          <reporter-output>
            <line>
              <![CDATA[Properties File Data Read Successful]]>
            </line>
            <line>
              <![CDATA[Properties File Data Read Successful]]>
            </line>
            <line>
              <![CDATA[Properties File Data Read Successful]]>
            </line>
            <line>
              <![CDATA[Properties File Data Read Successful]]>
            </line>
            <line>
              <![CDATA[Properties File Data Read Successful]]>
            </line>
            <line>
              <![CDATA[Properties File Data Read Successful]]>
            </line>
            <line>
              <![CDATA[Properties File Data Read Successful]]>
            </line>
            <line>
              <![CDATA[Properties File Data Read Successful]]>
            </line>
            <line>
              <![CDATA[Properties File Data Read Successful]]>
            </line>
            <line>
              <![CDATA[Properties File Data Read Successful]]>
            </line>
            <line>
              <![CDATA[Properties File Data Read Successful]]>
            </line>
            <line>
              <![CDATA[Properties File Data Read Successful]]>
            </line>
            <line>
              <![CDATA[Properties File Data Read Successful]]>
            </line>
          </reporter-output>
        </test-method> <!-- afterTest -->
      </class> <!-- com.dimagi.tests.DeliberateFail -->
    </test> <!-- Default test -->
  </suite> <!-- Default suite -->
</testng-results>
